<?xml version="1.0" encoding="UTF-8"?>
<testng-results ignored="0" total="1" passed="1" failed="0" skipped="0">
  <reporter-output>
  </reporter-output>
  <suite started-at="2025-05-02T13:14:31 IST" name="Surefire suite" finished-at="2025-05-02T13:14:45 IST" duration-ms="14029">
    <groups>
    </groups>
    <test started-at="2025-05-02T13:14:31 IST" name="Surefire test" finished-at="2025-05-02T13:14:45 IST" duration-ms="14029">
      <class name="tests.OpenGmailTest">
        <test-method signature="openGmail()[pri:0, instance:tests.OpenGmailTest@d4342c2]" started-at="2025-05-02T13:14:31 IST" name="openGmail" finished-at="2025-05-02T13:14:45 IST" duration-ms="14000" status="PASS">
          <reporter-output>
          </reporter-output>
        </test-method> <!-- openGmail -->
      </class> <!-- tests.OpenGmailTest -->
    </test> <!-- Surefire test -->
  </suite> <!-- Surefire suite -->
</testng-results>
